#Software: Microsoft Internet Information Services 10.0
#Version: 1.0
#Date: 2019-01-31 00:50:26
#Fields: date time s-ip cs-method cs-uri-stem cs-uri-query s-port cs-username c-ip cs(User-Agent) cs(Referer) sc-status sc-substatus sc-win32-status time-taken
2019-01-31 00:50:26 ::1 GET / - 44300 - ::1 Mozilla/5.0+(Windows+NT+10.0;+Win64;+x64)+AppleWebKit/537.36+(KHTML,+like+Gecko)+Chrome/42.0.2311.135+Safari/537.36+Edge/12.10240 - 200 0 0 29132
2019-01-31 00:50:26 ::1 GET /css/site.css - 44300 - ::1 Mozilla/5.0+(Windows+NT+10.0;+Win64;+x64)+AppleWebKit/537.36+(KHTML,+like+Gecko)+Chrome/42.0.2311.135+Safari/537.36+Edge/12.10240 https://localhost:44300/ 200 0 0 319
2019-01-31 00:50:26 ::1 GET /images/banner1.svg - 44300 - ::1 Mozilla/5.0+(Windows+NT+10.0;+Win64;+x64)+AppleWebKit/537.36+(KHTML,+like+Gecko)+Chrome/42.0.2311.135+Safari/537.36+Edge/12.10240 https://localhost:44300/ 200 0 0 320
2019-01-31 00:50:26 ::1 GET /images/banner2.svg - 44300 - ::1 Mozilla/5.0+(Windows+NT+10.0;+Win64;+x64)+AppleWebKit/537.36+(KHTML,+like+Gecko)+Chrome/42.0.2311.135+Safari/537.36+Edge/12.10240 https://localhost:44300/ 200 0 0 339
2019-01-31 00:50:26 ::1 GET /js/site.js v=4q1jwFhaPaZgr8WAUSrux6hAuh0XDg9kPS3xIVq36I0 44300 - ::1 Mozilla/5.0+(Windows+NT+10.0;+Win64;+x64)+AppleWebKit/537.36+(KHTML,+like+Gecko)+Chrome/42.0.2311.135+Safari/537.36+Edge/12.10240 https://localhost:44300/ 200 0 0 325
2019-01-31 00:50:26 ::1 GET /images/banner3.svg - 44300 - ::1 Mozilla/5.0+(Windows+NT+10.0;+Win64;+x64)+AppleWebKit/537.36+(KHTML,+like+Gecko)+Chrome/42.0.2311.135+Safari/537.36+Edge/12.10240 https://localhost:44300/ 200 0 0 407
2019-01-31 00:50:26 ::1 GET /lib/bootstrap/dist/js/bootstrap.js - 44300 - ::1 Mozilla/5.0+(Windows+NT+10.0;+Win64;+x64)+AppleWebKit/537.36+(KHTML,+like+Gecko)+Chrome/42.0.2311.135+Safari/537.36+Edge/12.10240 https://localhost:44300/ 200 0 0 476
2019-01-31 00:50:26 ::1 GET /lib/bootstrap/dist/css/bootstrap.css - 44300 - ::1 Mozilla/5.0+(Windows+NT+10.0;+Win64;+x64)+AppleWebKit/537.36+(KHTML,+like+Gecko)+Chrome/42.0.2311.135+Safari/537.36+Edge/12.10240 https://localhost:44300/ 200 0 0 631
2019-01-31 00:50:26 ::1 GET /lib/bootstrap/dist/fonts/glyphicons-halflings-regular.woff - 44300 - ::1 Mozilla/5.0+(Windows+NT+10.0;+Win64;+x64)+AppleWebKit/537.36+(KHTML,+like+Gecko)+Chrome/42.0.2311.135+Safari/537.36+Edge/12.10240 https://localhost:44300/ 200 0 0 21
2019-01-31 00:50:26 ::1 GET /lib/jquery/dist/jquery.js - 44300 - ::1 Mozilla/5.0+(Windows+NT+10.0;+Win64;+x64)+AppleWebKit/537.36+(KHTML,+like+Gecko)+Chrome/42.0.2311.135+Safari/537.36+Edge/12.10240 https://localhost:44300/ 200 0 0 817
2019-01-31 00:52:07 ::1 GET /Home/Contact - 44300 - ::1 Mozilla/5.0+(Windows+NT+10.0;+Win64;+x64)+AppleWebKit/537.36+(KHTML,+like+Gecko)+Chrome/42.0.2311.135+Safari/537.36+Edge/12.10240 https://localhost:44300/ 200 0 0 163
2019-01-31 00:52:10 ::1 GET /Home/About - 44300 - ::1 Mozilla/5.0+(Windows+NT+10.0;+Win64;+x64)+AppleWebKit/537.36+(KHTML,+like+Gecko)+Chrome/42.0.2311.135+Safari/537.36+Edge/12.10240 https://localhost:44300/Home/Contact 200 0 0 406
2019-01-31 00:52:10 ::1 GET / - 44300 - ::1 Mozilla/5.0+(Windows+NT+10.0;+Win64;+x64)+AppleWebKit/537.36+(KHTML,+like+Gecko)+Chrome/42.0.2311.135+Safari/537.36+Edge/12.10240 https://localhost:44300/Home/About 200 0 0 273
2019-01-31 00:52:12 ::1 GET / - 44300 - ::1 Mozilla/5.0+(Windows+NT+10.0;+Win64;+x64)+AppleWebKit/537.36+(KHTML,+like+Gecko)+Chrome/42.0.2311.135+Safari/537.36+Edge/12.10240 https://localhost:44300/ 200 0 0 43
#Software: Microsoft Internet Information Services 10.0
#Version: 1.0
#Date: 2019-01-31 01:16:47
#Fields: date time s-ip cs-method cs-uri-stem cs-uri-query s-port cs-username c-ip cs(User-Agent) cs(Referer) sc-status sc-substatus sc-win32-status time-taken
2019-01-31 01:16:47 ::1 DEBUG / - 49504 - ::1 - - 502 5 64 87597
#Software: Microsoft Internet Information Services 10.0
#Version: 1.0
#Date: 2019-01-31 01:17:05
#Fields: date time s-ip cs-method cs-uri-stem cs-uri-query s-port cs-username c-ip cs(User-Agent) cs(Referer) sc-status sc-substatus sc-win32-status time-taken
2019-01-31 01:17:05 ::1 GET / - 44300 - ::1 Mozilla/5.0+(Windows+NT+10.0;+Win64;+x64)+AppleWebKit/537.36+(KHTML,+like+Gecko)+Chrome/42.0.2311.135+Safari/537.36+Edge/12.10240 - 200 0 0 7984
2019-01-31 01:17:05 ::1 GET /lib/bootstrap/dist/css/bootstrap.css - 44300 - ::1 Mozilla/5.0+(Windows+NT+10.0;+Win64;+x64)+AppleWebKit/537.36+(KHTML,+like+Gecko)+Chrome/42.0.2311.135+Safari/537.36+Edge/12.10240 https://localhost:44300/ 304 0 0 156
2019-01-31 01:17:05 ::1 GET /images/banner3.svg - 44300 - ::1 Mozilla/5.0+(Windows+NT+10.0;+Win64;+x64)+AppleWebKit/537.36+(KHTML,+like+Gecko)+Chrome/42.0.2311.135+Safari/537.36+Edge/12.10240 https://localhost:44300/ 304 0 0 266
2019-01-31 01:17:05 ::1 GET /css/site.css - 44300 - ::1 Mozilla/5.0+(Windows+NT+10.0;+Win64;+x64)+AppleWebKit/537.36+(KHTML,+like+Gecko)+Chrome/42.0.2311.135+Safari/537.36+Edge/12.10240 https://localhost:44300/ 304 0 0 328
2019-01-31 01:17:05 ::1 GET /images/banner1.svg - 44300 - ::1 Mozilla/5.0+(Windows+NT+10.0;+Win64;+x64)+AppleWebKit/537.36+(KHTML,+like+Gecko)+Chrome/42.0.2311.135+Safari/537.36+Edge/12.10240 https://localhost:44300/ 304 0 0 328
2019-01-31 01:17:05 ::1 GET /lib/jquery/dist/jquery.js - 44300 - ::1 Mozilla/5.0+(Windows+NT+10.0;+Win64;+x64)+AppleWebKit/537.36+(KHTML,+like+Gecko)+Chrome/42.0.2311.135+Safari/537.36+Edge/12.10240 https://localhost:44300/ 304 0 0 312
2019-01-31 01:17:05 ::1 GET /lib/bootstrap/dist/js/bootstrap.js - 44300 - ::1 Mozilla/5.0+(Windows+NT+10.0;+Win64;+x64)+AppleWebKit/537.36+(KHTML,+like+Gecko)+Chrome/42.0.2311.135+Safari/537.36+Edge/12.10240 https://localhost:44300/ 304 0 0 280
2019-01-31 01:17:05 ::1 GET /js/site.js v=4q1jwFhaPaZgr8WAUSrux6hAuh0XDg9kPS3xIVq36I0 44300 - ::1 Mozilla/5.0+(Windows+NT+10.0;+Win64;+x64)+AppleWebKit/537.36+(KHTML,+like+Gecko)+Chrome/42.0.2311.135+Safari/537.36+Edge/12.10240 https://localhost:44300/ 304 0 0 280
2019-01-31 01:17:05 ::1 GET /images/banner2.svg - 44300 - ::1 Mozilla/5.0+(Windows+NT+10.0;+Win64;+x64)+AppleWebKit/537.36+(KHTML,+like+Gecko)+Chrome/42.0.2311.135+Safari/537.36+Edge/12.10240 https://localhost:44300/ 304 0 0 328
2019-01-31 01:17:06 ::1 GET /lib/bootstrap/dist/fonts/glyphicons-halflings-regular.woff - 44300 - ::1 Mozilla/5.0+(Windows+NT+10.0;+Win64;+x64)+AppleWebKit/537.36+(KHTML,+like+Gecko)+Chrome/42.0.2311.135+Safari/537.36+Edge/12.10240 https://localhost:44300/ 304 0 0 199
2019-01-31 01:17:20 ::1 GET /Home/About - 44300 - ::1 Mozilla/5.0+(Windows+NT+10.0;+Win64;+x64)+AppleWebKit/537.36+(KHTML,+like+Gecko)+Chrome/42.0.2311.135+Safari/537.36+Edge/12.10240 https://localhost:44300/ 200 0 0 31
2019-01-31 01:17:22 ::1 GET /Home/Contact - 44300 - ::1 Mozilla/5.0+(Windows+NT+10.0;+Win64;+x64)+AppleWebKit/537.36+(KHTML,+like+Gecko)+Chrome/42.0.2311.135+Safari/537.36+Edge/12.10240 https://localhost:44300/Home/About 200 0 0 204
2019-01-31 01:17:27 ::1 GET / - 44300 - ::1 Mozilla/5.0+(Windows+NT+10.0;+Win64;+x64)+AppleWebKit/537.36+(KHTML,+like+Gecko)+Chrome/42.0.2311.135+Safari/537.36+Edge/12.10240 https://localhost:44300/Home/Contact 200 0 0 43
